%!Adobe-FontList 1.18
%Locale:0x409

%BeginFont
Handler:DirectoryHandler
FontType:Type1
FontName:AvantGarde-Book
FamilyName:ITC Avant Garde Gothic
StyleName:Book
MenuName:AvantGarde
StyleBits:0
WeightClass:400
WidthClass:5
AngleClass:0
FullName:ITC Avant Garde Gothic Book
WritingScript:Roman
OutlineFileName:\AvantGarBoo
DataFormat:POSTResource
UsesStandardEncoding:yes
isCFF:no
hasSVG:no
FileLength:26917
FileModTime:668102372
DesignSize:-1
%EndFont

%BeginFont
Handler:DirectoryHandler
FontType:Type1
FontName:AvantGarde-Medium
FamilyName:ITC Avant Garde Gothic
StyleName:Medium
MenuName:AvantGarde Medium
StyleBits:0
WeightClass:500
WidthClass:5
AngleClass:0
FullName:ITC Avant Garde Gothic Medium
WritingScript:Roman
OutlineFileName:\AvantGarMed
DataFormat:POSTResource
UsesStandardEncoding:yes
isCFF:no
hasSVG:no
FileLength:26866
FileModTime:675094374
DesignSize:-1
%EndFont

%BeginFont
Handler:DirectoryHandler
FontType:Suitcase
FontName:AvantGarde-Book
OutlineFileName:\~ITC Avant Garde
ResourceID:33
MacStyle:0
FileLength:91861
FileModTime:735315722
%EndFont

%BeginFont
Handler:DirectoryHandler
FontType:Suitcase
FontName:AvantGarde-Demi
OutlineFileName:\~ITC Avant Garde
ResourceID:33
MacStyle:1
FileLength:91861
FileModTime:735315722
%EndFont

%BeginFont
Handler:DirectoryHandler
FontType:Suitcase
FontName:AvantGarde-BookOblique
OutlineFileName:\~ITC Avant Garde
ResourceID:33
MacStyle:2
FileLength:91861
FileModTime:735315722
%EndFont

%BeginFont
Handler:DirectoryHandler
FontType:Suitcase
FontName:AvantGarde-DemiOblique
OutlineFileName:\~ITC Avant Garde
ResourceID:33
MacStyle:3
FileLength:91861
FileModTime:735315722
%EndFont

%BeginFont
Handler:DirectoryHandler
FontType:Suitcase
FontName:AvantGarde-Demi
OutlineFileName:\~ITC Avant Garde
ResourceID:130
MacStyle:0
FileLength:91861
FileModTime:735315722
%EndFont

%BeginFont
Handler:DirectoryHandler
FontType:Suitcase
FontName:AvantGarde-DemiOblique
OutlineFileName:\~ITC Avant Garde
ResourceID:130
MacStyle:2
FileLength:91861
FileModTime:735315722
%EndFont

%BeginFont
Handler:DirectoryHandler
FontType:Suitcase
FontName:AvantGarde-BookOblique
OutlineFileName:\~ITC Avant Garde
ResourceID:129
MacStyle:0
FileLength:91861
FileModTime:735315722
%EndFont

%BeginFont
Handler:DirectoryHandler
FontType:Suitcase
FontName:AvantGarde-DemiOblique
OutlineFileName:\~ITC Avant Garde
ResourceID:129
MacStyle:1
FileLength:91861
FileModTime:735315722
%EndFont

%BeginFont
Handler:DirectoryHandler
FontType:Suitcase
FontName:AvantGarde-DemiOblique
OutlineFileName:\~ITC Avant Garde
ResourceID:131
MacStyle:0
FileLength:91861
FileModTime:735315722
%EndFont

%BeginFont
Handler:DirectoryHandler
FontType:Suitcase
FontName:AvantGarde-Medium
OutlineFileName:\~ITC Avant Garde
ResourceID:7671
MacStyle:0
FileLength:91861
FileModTime:735315722
%EndFont

%BeginFont
Handler:DirectoryHandler
FontType:Suitcase
FontName:AvantGarde-Bold
OutlineFileName:\~ITC Avant Garde
ResourceID:7671
MacStyle:1
FileLength:91861
FileModTime:735315722
%EndFont

%BeginFont
Handler:DirectoryHandler
FontType:Suitcase
FontName:AvantGarde-MediumObl
OutlineFileName:\~ITC Avant Garde
ResourceID:7671
MacStyle:2
FileLength:91861
FileModTime:735315722
%EndFont

%BeginFont
Handler:DirectoryHandler
FontType:Suitcase
FontName:AvantGarde-BoldObl
OutlineFileName:\~ITC Avant Garde
ResourceID:7671
MacStyle:3
FileLength:91861
FileModTime:735315722
%EndFont

%BeginFont
Handler:DirectoryHandler
FontType:Suitcase
FontName:AvantGarde-MediumObl
OutlineFileName:\~ITC Avant Garde
ResourceID:7670
MacStyle:0
FileLength:91861
FileModTime:735315722
%EndFont

%BeginFont
Handler:DirectoryHandler
FontType:Suitcase
FontName:AvantGarde-BoldObl
OutlineFileName:\~ITC Avant Garde
ResourceID:7670
MacStyle:1
FileLength:91861
FileModTime:735315722
%EndFont

%BeginFont
Handler:DirectoryHandler
FontType:Suitcase
FontName:AvantGarde-ExtraLightObl
OutlineFileName:\~ITC Avant Garde
ResourceID:7672
MacStyle:0
FileLength:91861
FileModTime:735315722
%EndFont

%BeginFont
Handler:DirectoryHandler
FontType:Suitcase
FontName:AvantGarde-ExtraLight
OutlineFileName:\~ITC Avant Garde
ResourceID:7673
MacStyle:0
FileLength:91861
FileModTime:735315722
%EndFont

%BeginFont
Handler:DirectoryHandler
FontType:Suitcase
FontName:AvantGarde-ExtraLightObl
OutlineFileName:\~ITC Avant Garde
ResourceID:7673
MacStyle:2
FileLength:91861
FileModTime:735315722
%EndFont

%BeginFont
Handler:DirectoryHandler
FontType:Suitcase
FontName:AvantGarde-BoldObl
OutlineFileName:\~ITC Avant Garde
ResourceID:7668
MacStyle:0
FileLength:91861
FileModTime:735315722
%EndFont

%BeginFont
Handler:DirectoryHandler
FontType:Suitcase
FontName:AvantGarde-Bold
OutlineFileName:\~ITC Avant Garde
ResourceID:7669
MacStyle:0
FileLength:91861
FileModTime:735315722
%EndFont

%BeginFont
Handler:DirectoryHandler
FontType:Suitcase
FontName:AvantGarde-BoldObl
OutlineFileName:\~ITC Avant Garde
ResourceID:7669
MacStyle:2
FileLength:91861
FileModTime:735315722
%EndFont

